Starting audit...
Audit done.
Starting audit...
[ERROR] D:\Users\ravit\Desktop\MSIT\ADS-2\ADS-2-assignments\m12\ADS-2_Exam-2\DijkstraUndirectedSP.java:1: Missing a Javadoc comment. [JavadocType]
[ERROR] D:\Users\ravit\Desktop\MSIT\ADS-2\ADS-2-assignments\m12\ADS-2_Exam-2\DijkstraUndirectedSP.java:2: Line is longer than 80 characters (found 84). [LineLength]
[ERROR] D:\Users\ravit\Desktop\MSIT\ADS-2\ADS-2-assignments\m12\ADS-2_Exam-2\DijkstraUndirectedSP.java:2:5: Missing a Javadoc comment. [JavadocVariable]
[ERROR] D:\Users\ravit\Desktop\MSIT\ADS-2\ADS-2-assignments\m12\ADS-2_Exam-2\DijkstraUndirectedSP.java:3: Line is longer than 80 characters (found 84). [LineLength]
[ERROR] D:\Users\ravit\Desktop\MSIT\ADS-2\ADS-2-assignments\m12\ADS-2_Exam-2\DijkstraUndirectedSP.java:3:5: Missing a Javadoc comment. [JavadocVariable]
[ERROR] D:\Users\ravit\Desktop\MSIT\ADS-2\ADS-2-assignments\m12\ADS-2_Exam-2\DijkstraUndirectedSP.java:4:5: Missing a Javadoc comment. [JavadocVariable]
[ERROR] D:\Users\ravit\Desktop\MSIT\ADS-2\ADS-2-assignments\m12\ADS-2_Exam-2\DijkstraUndirectedSP.java:15:5: Redundant 'public' modifier. [RedundantModifier]
[ERROR] D:\Users\ravit\Desktop\MSIT\ADS-2\ADS-2-assignments\m12\ADS-2_Exam-2\DijkstraUndirectedSP.java:15:33: Parameter G should be final. [FinalParameters]
[ERROR] D:\Users\ravit\Desktop\MSIT\ADS-2\ADS-2-assignments\m12\ADS-2_Exam-2\DijkstraUndirectedSP.java:15:51: Name 'G' must match pattern '^[a-z][a-zA-Z0-9]*$'. [ParameterName]
[ERROR] D:\Users\ravit\Desktop\MSIT\ADS-2\ADS-2-assignments\m12\ADS-2_Exam-2\DijkstraUndirectedSP.java:15:54: Parameter s should be final. [FinalParameters]
[ERROR] D:\Users\ravit\Desktop\MSIT\ADS-2\ADS-2-assignments\m12\ADS-2_Exam-2\DijkstraUndirectedSP.java:17: 'if' construct must use '{}'s. [NeedBraces]
[ERROR] D:\Users\ravit\Desktop\MSIT\ADS-2\ADS-2-assignments\m12\ADS-2_Exam-2\DijkstraUndirectedSP.java:18: Line is longer than 80 characters (found 89). [LineLength]
[ERROR] D:\Users\ravit\Desktop\MSIT\ADS-2\ADS-2-assignments\m12\ADS-2_Exam-2\DijkstraUndirectedSP.java:26: 'for' construct must use '{}'s. [NeedBraces]
[ERROR] D:\Users\ravit\Desktop\MSIT\ADS-2\ADS-2-assignments\m12\ADS-2_Exam-2\DijkstraUndirectedSP.java:35: 'for' construct must use '{}'s. [NeedBraces]
[ERROR] D:\Users\ravit\Desktop\MSIT\ADS-2\ADS-2-assignments\m12\ADS-2_Exam-2\DijkstraUndirectedSP.java:44:5: Missing a Javadoc comment. [JavadocMethod]
[ERROR] D:\Users\ravit\Desktop\MSIT\ADS-2\ADS-2-assignments\m12\ADS-2_Exam-2\DijkstraUndirectedSP.java:44:24: Parameter e should be final. [FinalParameters]
[ERROR] D:\Users\ravit\Desktop\MSIT\ADS-2\ADS-2-assignments\m12\ADS-2_Exam-2\DijkstraUndirectedSP.java:44:32: Parameter v should be final. [FinalParameters]
[ERROR] D:\Users\ravit\Desktop\MSIT\ADS-2\ADS-2-assignments\m12\ADS-2_Exam-2\DijkstraUndirectedSP.java:49: 'if' construct must use '{}'s. [NeedBraces]
[ERROR] D:\Users\ravit\Desktop\MSIT\ADS-2\ADS-2-assignments\m12\ADS-2_Exam-2\DijkstraUndirectedSP.java:50: 'else' construct must use '{}'s. [NeedBraces]
[ERROR] D:\Users\ravit\Desktop\MSIT\ADS-2\ADS-2-assignments\m12\ADS-2_Exam-2\DijkstraUndirectedSP.java:55: Line is longer than 80 characters (found 84). [LineLength]
[ERROR] D:\Users\ravit\Desktop\MSIT\ADS-2\ADS-2-assignments\m12\ADS-2_Exam-2\DijkstraUndirectedSP.java:59: Line is longer than 80 characters (found 84). [LineLength]
[ERROR] D:\Users\ravit\Desktop\MSIT\ADS-2\ADS-2-assignments\m12\ADS-2_Exam-2\DijkstraUndirectedSP.java:60: Line is longer than 80 characters (found 85). [LineLength]
[ERROR] D:\Users\ravit\Desktop\MSIT\ADS-2\ADS-2-assignments\m12\ADS-2_Exam-2\DijkstraUndirectedSP.java:63:26: Parameter v should be final. [FinalParameters]
[ERROR] D:\Users\ravit\Desktop\MSIT\ADS-2\ADS-2-assignments\m12\ADS-2_Exam-2\DijkstraUndirectedSP.java:77:30: Parameter v should be final. [FinalParameters]
[ERROR] D:\Users\ravit\Desktop\MSIT\ADS-2\ADS-2-assignments\m12\ADS-2_Exam-2\DijkstraUndirectedSP.java:83: Line is longer than 80 characters (found 88). [LineLength]
[ERROR] D:\Users\ravit\Desktop\MSIT\ADS-2\ADS-2-assignments\m12\ADS-2_Exam-2\DijkstraUndirectedSP.java:86: Line is longer than 80 characters (found 88). [LineLength]
[ERROR] D:\Users\ravit\Desktop\MSIT\ADS-2\ADS-2-assignments\m12\ADS-2_Exam-2\DijkstraUndirectedSP.java:90:34: Parameter v should be final. [FinalParameters]
[ERROR] D:\Users\ravit\Desktop\MSIT\ADS-2\ADS-2-assignments\m12\ADS-2_Exam-2\DijkstraUndirectedSP.java:92: 'if' construct must use '{}'s. [NeedBraces]
[ERROR] D:\Users\ravit\Desktop\MSIT\ADS-2\ADS-2-assignments\m12\ADS-2_Exam-2\DijkstraUndirectedSP.java:106:5: Missing a Javadoc comment. [JavadocMethod]
[ERROR] D:\Users\ravit\Desktop\MSIT\ADS-2\ADS-2-assignments\m12\ADS-2_Exam-2\DijkstraUndirectedSP.java:106:27: Parameter G should be final. [FinalParameters]
[ERROR] D:\Users\ravit\Desktop\MSIT\ADS-2\ADS-2-assignments\m12\ADS-2_Exam-2\DijkstraUndirectedSP.java:106:45: Name 'G' must match pattern '^[a-z][a-zA-Z0-9]*$'. [ParameterName]
[ERROR] D:\Users\ravit\Desktop\MSIT\ADS-2\ADS-2-assignments\m12\ADS-2_Exam-2\DijkstraUndirectedSP.java:106:48: Parameter s should be final. [FinalParameters]
[ERROR] D:\Users\ravit\Desktop\MSIT\ADS-2\ADS-2-assignments\m12\ADS-2_Exam-2\DijkstraUndirectedSP.java:122: 'if' construct must use '{}'s. [NeedBraces]
[ERROR] D:\Users\ravit\Desktop\MSIT\ADS-2\ADS-2-assignments\m12\ADS-2_Exam-2\DijkstraUndirectedSP.java:129: Line is longer than 80 characters (found 83). [LineLength]
[ERROR] D:\Users\ravit\Desktop\MSIT\ADS-2\ADS-2-assignments\m12\ADS-2_Exam-2\DijkstraUndirectedSP.java:140: Line is longer than 80 characters (found 90). [LineLength]
[ERROR] D:\Users\ravit\Desktop\MSIT\ADS-2\ADS-2-assignments\m12\ADS-2_Exam-2\DijkstraUndirectedSP.java:142: 'if' construct must use '{}'s. [NeedBraces]
[ERROR] D:\Users\ravit\Desktop\MSIT\ADS-2\ADS-2-assignments\m12\ADS-2_Exam-2\DijkstraUndirectedSP.java:144: 'if' construct must use '{}'s. [NeedBraces]
[ERROR] D:\Users\ravit\Desktop\MSIT\ADS-2\ADS-2-assignments\m12\ADS-2_Exam-2\DijkstraUndirectedSP.java:155:5: Missing a Javadoc comment. [JavadocMethod]
[ERROR] D:\Users\ravit\Desktop\MSIT\ADS-2\ADS-2-assignments\m12\ADS-2_Exam-2\DijkstraUndirectedSP.java:155:33: Parameter v should be final. [FinalParameters]
[ERROR] D:\Users\ravit\Desktop\MSIT\ADS-2\ADS-2-assignments\m12\ADS-2_Exam-2\DijkstraUndirectedSP.java:156:13: Name 'V' must match pattern '^[a-z][a-zA-Z0-9]*$'. [LocalVariableName]
[ERROR] D:\Users\ravit\Desktop\MSIT\ADS-2\ADS-2-assignments\m12\ADS-2_Exam-2\DijkstraUndirectedSP.java:157: 'if' construct must use '{}'s. [NeedBraces]
[ERROR] D:\Users\ravit\Desktop\MSIT\ADS-2\ADS-2-assignments\m12\ADS-2_Exam-2\DijkstraUndirectedSP.java:158: Line is longer than 80 characters (found 97). [LineLength]
[ERROR] D:\Users\ravit\Desktop\MSIT\ADS-2\ADS-2-assignments\m12\ADS-2_Exam-2\DijkstraUndirectedSP.java:158:93: '-' is not preceded with whitespace. [WhitespaceAround]
[ERROR] D:\Users\ravit\Desktop\MSIT\ADS-2\ADS-2-assignments\m12\ADS-2_Exam-2\DijkstraUndirectedSP.java:158:94: '-' is not followed by whitespace. [WhitespaceAround]
Audit done.
Checkstyle ends with 44 errors.
Starting audit...
[ERROR] D:\Users\ravit\Desktop\MSIT\ADS-2\ADS-2-assignments\m12\ADS-2_Exam-2\Edge.java:0: File does not end with a newline. [NewlineAtEndOfFile]
[ERROR] D:\Users\ravit\Desktop\MSIT\ADS-2\ADS-2-assignments\m12\ADS-2_Exam-2\Edge.java:1: Line has trailing spaces. [RegexpSingleline]
[ERROR] D:\Users\ravit\Desktop\MSIT\ADS-2\ADS-2-assignments\m12\ADS-2_Exam-2\Edge.java:1: Missing a Javadoc comment. [JavadocType]
[ERROR] D:\Users\ravit\Desktop\MSIT\ADS-2\ADS-2-assignments\m12\ADS-2_Exam-2\Edge.java:3:5: Missing a Javadoc comment. [JavadocVariable]
[ERROR] D:\Users\ravit\Desktop\MSIT\ADS-2\ADS-2-assignments\m12\ADS-2_Exam-2\Edge.java:4:5: Missing a Javadoc comment. [JavadocVariable]
[ERROR] D:\Users\ravit\Desktop\MSIT\ADS-2\ADS-2-assignments\m12\ADS-2_Exam-2\Edge.java:5:5: Missing a Javadoc comment. [JavadocVariable]
[ERROR] D:\Users\ravit\Desktop\MSIT\ADS-2\ADS-2-assignments\m12\ADS-2_Exam-2\Edge.java:14: Line has trailing spaces. [RegexpSingleline]
[ERROR] D:\Users\ravit\Desktop\MSIT\ADS-2\ADS-2-assignments\m12\ADS-2_Exam-2\Edge.java:18:5: Redundant 'public' modifier. [RedundantModifier]
[ERROR] D:\Users\ravit\Desktop\MSIT\ADS-2\ADS-2-assignments\m12\ADS-2_Exam-2\Edge.java:18:17: Parameter v should be final. [FinalParameters]
[ERROR] D:\Users\ravit\Desktop\MSIT\ADS-2\ADS-2-assignments\m12\ADS-2_Exam-2\Edge.java:18:21: 'v' hides a field. [HiddenField]
[ERROR] D:\Users\ravit\Desktop\MSIT\ADS-2\ADS-2-assignments\m12\ADS-2_Exam-2\Edge.java:18:24: Parameter w should be final. [FinalParameters]
[ERROR] D:\Users\ravit\Desktop\MSIT\ADS-2\ADS-2-assignments\m12\ADS-2_Exam-2\Edge.java:18:28: 'w' hides a field. [HiddenField]
[ERROR] D:\Users\ravit\Desktop\MSIT\ADS-2\ADS-2-assignments\m12\ADS-2_Exam-2\Edge.java:18:31: Parameter weight should be final. [FinalParameters]
[ERROR] D:\Users\ravit\Desktop\MSIT\ADS-2\ADS-2-assignments\m12\ADS-2_Exam-2\Edge.java:18:38: 'weight' hides a field. [HiddenField]
[ERROR] D:\Users\ravit\Desktop\MSIT\ADS-2\ADS-2-assignments\m12\ADS-2_Exam-2\Edge.java:19: 'if' construct must use '{}'s. [NeedBraces]
[ERROR] D:\Users\ravit\Desktop\MSIT\ADS-2\ADS-2-assignments\m12\ADS-2_Exam-2\Edge.java:19: Line is longer than 80 characters (found 100). [LineLength]
[ERROR] D:\Users\ravit\Desktop\MSIT\ADS-2\ADS-2-assignments\m12\ADS-2_Exam-2\Edge.java:20: 'if' construct must use '{}'s. [NeedBraces]
[ERROR] D:\Users\ravit\Desktop\MSIT\ADS-2\ADS-2-assignments\m12\ADS-2_Exam-2\Edge.java:20: Line is longer than 80 characters (found 100). [LineLength]
[ERROR] D:\Users\ravit\Desktop\MSIT\ADS-2\ADS-2-assignments\m12\ADS-2_Exam-2\Edge.java:21: 'if' construct must use '{}'s. [NeedBraces]
[ERROR] D:\Users\ravit\Desktop\MSIT\ADS-2\ADS-2-assignments\m12\ADS-2_Exam-2\Edge.java:21: Line is longer than 80 characters (found 86). [LineLength]
[ERROR] D:\Users\ravit\Desktop\MSIT\ADS-2\ADS-2-assignments\m12\ADS-2_Exam-2\Edge.java:46: Line is longer than 80 characters (found 81). [LineLength]
[ERROR] D:\Users\ravit\Desktop\MSIT\ADS-2\ADS-2-assignments\m12\ADS-2_Exam-2\Edge.java:53:22: Parameter vertex should be final. [FinalParameters]
[ERROR] D:\Users\ravit\Desktop\MSIT\ADS-2\ADS-2-assignments\m12\ADS-2_Exam-2\Edge.java:54: 'if' construct must use '{}'s. [NeedBraces]
[ERROR] D:\Users\ravit\Desktop\MSIT\ADS-2\ADS-2-assignments\m12\ADS-2_Exam-2\Edge.java:55: 'if' construct must use '{}'s. [NeedBraces]
[ERROR] D:\Users\ravit\Desktop\MSIT\ADS-2\ADS-2-assignments\m12\ADS-2_Exam-2\Edge.java:56: 'else' construct must use '{}'s. [NeedBraces]
[ERROR] D:\Users\ravit\Desktop\MSIT\ADS-2\ADS-2-assignments\m12\ADS-2_Exam-2\Edge.java:62: Line is longer than 80 characters (found 86). [LineLength]
[ERROR] D:\Users\ravit\Desktop\MSIT\ADS-2\ADS-2-assignments\m12\ADS-2_Exam-2\Edge.java:65: Line is longer than 80 characters (found 81). [LineLength]
[ERROR] D:\Users\ravit\Desktop\MSIT\ADS-2\ADS-2-assignments\m12\ADS-2_Exam-2\Edge.java:70:26: Parameter that should be final. [FinalParameters]
Audit done.
Checkstyle ends with 28 errors.
Starting audit...
Audit done.
Starting audit...
Audit done.
Starting audit...
Audit done.
Starting audit...
Audit done.
Starting audit...
[ERROR] D:\Users\ravit\Desktop\MSIT\ADS-2\ADS-2-assignments\m12\ADS-2_Exam-2\Stack.java:0: File does not end with a newline. [NewlineAtEndOfFile]
[ERROR] D:\Users\ravit\Desktop\MSIT\ADS-2\ADS-2-assignments\m12\ADS-2_Exam-2\Stack.java:6: Line is longer than 80 characters (found 89). [LineLength]
[ERROR] D:\Users\ravit\Desktop\MSIT\ADS-2\ADS-2-assignments\m12\ADS-2_Exam-2\Stack.java:7: Line is longer than 80 characters (found 87). [LineLength]
[ERROR] D:\Users\ravit\Desktop\MSIT\ADS-2\ADS-2-assignments\m12\ADS-2_Exam-2\Stack.java:8: Line is longer than 80 characters (found 85). [LineLength]
[ERROR] D:\Users\ravit\Desktop\MSIT\ADS-2\ADS-2-assignments\m12\ADS-2_Exam-2\Stack.java:15: Line is longer than 80 characters (found 88). [LineLength]
[ERROR] D:\Users\ravit\Desktop\MSIT\ADS-2\ADS-2-assignments\m12\ADS-2_Exam-2\Stack.java:28:5: Missing a Javadoc comment. [JavadocVariable]
[ERROR] D:\Users\ravit\Desktop\MSIT\ADS-2\ADS-2-assignments\m12\ADS-2_Exam-2\Stack.java:29:5: Missing a Javadoc comment. [JavadocVariable]
[ERROR] D:\Users\ravit\Desktop\MSIT\ADS-2\ADS-2-assignments\m12\ADS-2_Exam-2\Stack.java:32: Missing a Javadoc comment. [JavadocType]
[ERROR] D:\Users\ravit\Desktop\MSIT\ADS-2\ADS-2-assignments\m12\ADS-2_Exam-2\Stack.java:33:9: Missing a Javadoc comment. [JavadocVariable]
[ERROR] D:\Users\ravit\Desktop\MSIT\ADS-2\ADS-2-assignments\m12\ADS-2_Exam-2\Stack.java:34:9: Missing a Javadoc comment. [JavadocVariable]
[ERROR] D:\Users\ravit\Desktop\MSIT\ADS-2\ADS-2-assignments\m12\ADS-2_Exam-2\Stack.java:68:22: Parameter item should be final. [FinalParameters]
[ERROR] D:\Users\ravit\Desktop\MSIT\ADS-2\ADS-2-assignments\m12\ADS-2_Exam-2\Stack.java:83: 'if' construct must use '{}'s. [NeedBraces]
[ERROR] D:\Users\ravit\Desktop\MSIT\ADS-2\ADS-2-assignments\m12\ADS-2_Exam-2\Stack.java:98: 'if' construct must use '{}'s. [NeedBraces]
[ERROR] D:\Users\ravit\Desktop\MSIT\ADS-2\ADS-2-assignments\m12\ADS-2_Exam-2\Stack.java:105: Line is longer than 80 characters (found 85). [LineLength]
[ERROR] D:\Users\ravit\Desktop\MSIT\ADS-2\ADS-2-assignments\m12\ADS-2_Exam-2\Stack.java:115: Line has trailing spaces. [RegexpSingleline]
[ERROR] D:\Users\ravit\Desktop\MSIT\ADS-2\ADS-2-assignments\m12\ADS-2_Exam-2\Stack.java:118: Line is longer than 80 characters (found 87). [LineLength]
[ERROR] D:\Users\ravit\Desktop\MSIT\ADS-2\ADS-2-assignments\m12\ADS-2_Exam-2\Stack.java:120: Line is longer than 80 characters (found 86). [LineLength]
[ERROR] D:\Users\ravit\Desktop\MSIT\ADS-2\ADS-2-assignments\m12\ADS-2_Exam-2\Stack.java:127: Missing a Javadoc comment. [JavadocType]
[ERROR] D:\Users\ravit\Desktop\MSIT\ADS-2\ADS-2-assignments\m12\ADS-2_Exam-2\Stack.java:128:9: Missing a Javadoc comment. [JavadocVariable]
[ERROR] D:\Users\ravit\Desktop\MSIT\ADS-2\ADS-2-assignments\m12\ADS-2_Exam-2\Stack.java:130:9: Missing a Javadoc comment. [JavadocMethod]
[ERROR] D:\Users\ravit\Desktop\MSIT\ADS-2\ADS-2-assignments\m12\ADS-2_Exam-2\Stack.java:130:9: Redundant 'public' modifier. [RedundantModifier]
[ERROR] D:\Users\ravit\Desktop\MSIT\ADS-2\ADS-2-assignments\m12\ADS-2_Exam-2\Stack.java:130:29: Parameter first should be final. [FinalParameters]
[ERROR] D:\Users\ravit\Desktop\MSIT\ADS-2\ADS-2-assignments\m12\ADS-2_Exam-2\Stack.java:130:40: 'first' hides a field. [HiddenField]
[ERROR] D:\Users\ravit\Desktop\MSIT\ADS-2\ADS-2-assignments\m12\ADS-2_Exam-2\Stack.java:134:9: Missing a Javadoc comment. [JavadocMethod]
[ERROR] D:\Users\ravit\Desktop\MSIT\ADS-2\ADS-2-assignments\m12\ADS-2_Exam-2\Stack.java:138:9: Missing a Javadoc comment. [JavadocMethod]
[ERROR] D:\Users\ravit\Desktop\MSIT\ADS-2\ADS-2-assignments\m12\ADS-2_Exam-2\Stack.java:142:9: Missing a Javadoc comment. [JavadocMethod]
[ERROR] D:\Users\ravit\Desktop\MSIT\ADS-2\ADS-2-assignments\m12\ADS-2_Exam-2\Stack.java:143: 'if' construct must use '{}'s. [NeedBraces]
[ERROR] D:\Users\ravit\Desktop\MSIT\ADS-2\ADS-2-assignments\m12\ADS-2_Exam-2\Stack.java:145: Line has trailing spaces. [RegexpSingleline]
Audit done.
Checkstyle ends with 28 errors.
